[2013-02-28 21:14:05] request.INFO: Matched route "espritadmin_voir" (parameters: "_controller": "Esprit\AdminBundle\Controller\AdminController::voirAction", "id": "1", "_route": "espritadmin_voir") [] []
[2013-02-28 21:14:05] request.CRITICAL: Uncaught PHP Exception InvalidArgumentException: "Unable to find template "EspritAdminBundle:Admin:voir.html.twig"." at C:\wamp\www\Aymen\vendor\symfony\symfony\src\Symfony\Bridge\Twig\TwigEngine.php line 123 [] []
[2013-02-28 21:14:48] request.INFO: Matched route "espritadmin_ajouter" (parameters: "_controller": "Esprit\AdminBundle\Controller\AdminController::ajouterAction", "_route": "espritadmin_ajouter") [] []
[2013-02-28 21:14:49] request.CRITICAL: Uncaught PHP Exception InvalidArgumentException: "Unable to find template "EspritAdminBundle:Admin:ajouter.html.twig"." at C:\wamp\www\Aymen\vendor\symfony\symfony\src\Symfony\Bridge\Twig\TwigEngine.php line 123 [] []
[2013-02-28 21:34:11] request.INFO: Matched route "espritadmin_voir" (parameters: "_controller": "Esprit\AdminBundle\Controller\AdminController::voirAction", "id": "1", "_route": "espritadmin_voir") [] []
[2013-02-28 21:34:11] request.CRITICAL: Uncaught PHP Exception InvalidArgumentException: "Unable to find template "SdzBlogBundle:Blog:voir.html.twig"." at C:\wamp\www\Aymen\vendor\symfony\symfony\src\Symfony\Bridge\Twig\TwigEngine.php line 123 [] []
[2013-02-28 21:37:04] request.INFO: Matched route "espritadmin_voir" (parameters: "_controller": "Esprit\AdminBundle\Controller\AdminController::voirAction", "id": "1", "_route": "espritadmin_voir") [] []
[2013-02-28 21:37:04] request.CRITICAL: Uncaught PHP Exception InvalidArgumentException: "Unable to find template "SdzBlogBundle:Blog:voir.html.twig"." at C:\wamp\www\Aymen\vendor\symfony\symfony\src\Symfony\Bridge\Twig\TwigEngine.php line 123 [] []
[2013-02-28 21:37:49] request.INFO: Matched route "espritadmin_voir" (parameters: "_controller": "Esprit\AdminBundle\Controller\AdminController::voirAction", "id": "1", "_route": "espritadmin_voir") [] []
[2013-02-28 21:37:49] request.CRITICAL: Uncaught PHP Exception InvalidArgumentException: "Unable to find template "SdzBlogBundle:Blog:voir.html.twig"." at C:\wamp\www\Aymen\vendor\symfony\symfony\src\Symfony\Bridge\Twig\TwigEngine.php line 123 [] []
[2013-02-28 22:20:05] request.INFO: Matched route "espritadmin_voir" (parameters: "_controller": "Esprit\AdminBundle\Controller\AdminController::voirAction", "id": "1", "_route": "espritadmin_voir") [] []
[2013-02-28 22:20:05] request.CRITICAL: Uncaught PHP Exception Twig_Error_Runtime: "An exception has been thrown during the rendering of a template ("Unable to generate a URL for the named route "espritadmin_supprimer" as such route does not exist.") in "EspritAdminBundle:Admin:voir.html.twig" at line 26." at C:\wamp\www\Aymen\app\cache\prod\classes.php line 5989 [] []
[2013-02-28 22:20:09] request.INFO: Matched route "espritadmin_voir" (parameters: "_controller": "Esprit\AdminBundle\Controller\AdminController::voirAction", "id": "1", "_route": "espritadmin_voir") [] []
[2013-02-28 22:20:09] request.CRITICAL: Uncaught PHP Exception Twig_Error_Runtime: "An exception has been thrown during the rendering of a template ("Unable to generate a URL for the named route "espritadmin_supprimer" as such route does not exist.") in "EspritAdminBundle:Admin:voir.html.twig" at line 26." at C:\wamp\www\Aymen\app\cache\prod\classes.php line 5989 [] []
[2013-02-28 22:20:48] request.ERROR: Uncaught PHP Exception Symfony\Component\HttpKernel\Exception\NotFoundHttpException: "No route found for "GET /admin/article/1"" at C:\wamp\www\Aymen\vendor\symfony\symfony\src\Symfony\Component\HttpKernel\EventListener\RouterListener.php line 94 [] []
[2013-02-28 22:20:57] request.ERROR: Uncaught PHP Exception Symfony\Component\HttpKernel\Exception\NotFoundHttpException: "No route found for "GET /admin/article/1"" at C:\wamp\www\Aymen\app\cache\prod\classes.php line 3586 [] []
[2013-03-01 15:57:54] request.INFO: Matched route "espritadmin_supprimer" (parameters: "_controller": "Esprit\AdminBundle\Controller\AdminController::supprimerAction", "id": "33", "_route": "espritadmin_supprimer") [] []
[2013-03-01 15:57:54] request.CRITICAL: Uncaught PHP Exception InvalidArgumentException: "Unable to find template "EspritAdminBundle:Admin:supprimer.html.twig"." at C:\wamp\www\Aymen\vendor\symfony\symfony\src\Symfony\Bridge\Twig\TwigEngine.php line 123 [] []
[2013-03-01 16:13:29] request.INFO: Matched route "espritadmin_supprimer" (parameters: "_controller": "Esprit\AdminBundle\Controller\AdminController::supprimerAction", "id": "27", "_route": "espritadmin_supprimer") [] []
[2013-03-01 16:13:29] request.CRITICAL: Uncaught PHP Exception Doctrine\ORM\ORMException: "The identifier id is missing for a query of Esprit\AdminBundle\Entity\Manager" at C:\wamp\www\Aymen\vendor\doctrine\orm\lib\Doctrine\ORM\ORMException.php line 160 [] []
